<?xml version="1.0" encoding="utf-8"?>
<coverage line-rate="0.8534999999999999" branch-rate="0.7077" version="1.9" timestamp="1653325067" lines-covered="1317" lines-valid="1543" branches-covered="310" branches-valid="438">
  <sources>
    <source>/Users/adityabhairavkar/git/lm-data-sdk/ghpages-aakash/lm-data-sdk-dotnet/LogicMonitor.DataSDK/</source>
  </sources>
  <packages>
    <package name="LogicMonitor.DataSDK" line-rate="0.8534999999999999" branch-rate="0.7077" complexity="571">
      <classes>
        <class name="LogicMonitor.DataSDK.ApiClient" filename="ApiClient.cs" line-rate="0.7434999999999999" branch-rate="0.6052000000000001" complexity="41">
          <methods>
            <method name="Callapi" signature="(System.String,System.String,System.TimeSpan,System.Collections.Generic.Dictionary`2&lt;System.String,System.String&gt;,System.Collections.Generic.Dictionary`2&lt;System.String,System.String&gt;,System.String,System.String)" line-rate="1" branch-rate="1" complexity="1">
              <lines>
                <line number="55" hits="7" branch="False" />
                <line number="57" hits="7" branch="False" />
                <line number="58" hits="7" branch="False" />
                <line number="59" hits="7" branch="False" />
                <line number="62" hits="6" branch="False" />
                <line number="63" hits="6" branch="False" />
                <line number="64" hits="6" branch="False" />
              </lines>
            </method>
            <method name="CallApi" signature="(System.String,System.String,System.TimeSpan,System.Collections.Generic.Dictionary`2&lt;System.String,System.String&gt;,System.Collections.Generic.Dictionary`2&lt;System.String,System.String&gt;,System.String,System.String,System.Boolean)" line-rate="0.75" branch-rate="0.5" complexity="2">
              <lines>
                <line number="69" hits="6" branch="False" />
                <line number="70" hits="6" branch="True" condition-coverage="50% (1/2)">
                  <conditions>
                    <condition number="8" type="jump" coverage="50%" />
                  </conditions>
                </line>
                <line number="71" hits="0" branch="False" />
                <line number="72" hits="0" branch="False" />
                <line number="75" hits="6" branch="False" />
                <line number="76" hits="6" branch="False" />
                <line number="77" hits="6" branch="False" />
                <line number="79" hits="5" branch="False" />
              </lines>
            </method>
            <method name="Request" signature="(System.String,System.String,System.TimeSpan,System.String,System.Collections.Generic.Dictionary`2&lt;System.String,System.String&gt;,System.Collections.Generic.Dictionary`2&lt;System.String,System.String&gt;,System.Collections.Generic.Dictionary`2&lt;System.String,System.String&gt;)" line-rate="0.5714" branch-rate="0.5832999999999999" complexity="12">
              <lines>
                <line number="105" hits="7" branch="False" />
                <line number="106" hits="7" branch="True" condition-coverage="50% (1/2)">
                  <conditions>
                    <condition number="12" type="jump" coverage="50%" />
                  </conditions>
                </line>
                <line number="107" hits="0" branch="False" />
                <line number="109" hits="7" branch="True" condition-coverage="50% (1/2)">
                  <conditions>
                    <condition number="39" type="jump" coverage="50%" />
                  </conditions>
                </line>
                <line number="110" hits="0" branch="False" />
                <line number="111" hits="0" branch="False" />
                <line number="113" hits="7" branch="True" condition-coverage="100% (2/2)">
                  <conditions>
                    <condition number="96" type="jump" coverage="100%" />
                  </conditions>
                </line>
                <line number="114" hits="6" branch="False" />
                <line number="115" hits="6" branch="False" />
                <line number="118" hits="1" branch="True" condition-coverage="50% (1/2)">
                  <conditions>
                    <condition number="170" type="jump" coverage="50%" />
                  </conditions>
                </line>
                <line number="119" hits="0" branch="False" />
                <line number="120" hits="0" branch="False" />
                <line number="122" hits="1" branch="True" condition-coverage="50% (1/2)">
                  <conditions>
                    <condition number="225" type="jump" coverage="50%" />
                  </conditions>
                </line>
                <line number="123" hits="0" branch="False" />
                <line number="124" hits="0" branch="False" />
                <line number="126" hits="1" branch="True" condition-coverage="50% (1/2)">
                  <conditions>
                    <condition number="296" type="jump" coverage="50%" />
                  </conditions>
                </line>
                <line number="127" hits="0" branch="False" />
                <line number="128" hits="0" branch="False" />
                <line number="131" hits="1" branch="False" />
                <line number="132" hits="1" branch="False" />
                <line number="134" hits="6" branch="False" />
              </lines>
            </method>
            <method name="SelectHeaderAccept" signature="(System.String)" line-rate="0.6" branch-rate="0.5" complexity="4">
              <lines>
                <line number="137" hits="8" branch="False" />
                <line number="138" hits="8" branch="True" condition-coverage="50% (1/2)">
                  <conditions>
                    <condition number="14" type="jump" coverage="50%" />
                  </conditions>
                </line>
                <line number="139" hits="0" branch="False" />
                <line number="140" hits="0" branch="False" />
                <line number="143" hits="8" branch="True" condition-coverage="50% (1/2)">
                  <conditions>
                    <condition number="34" type="jump" coverage="50%" />
                  </conditions>
                </line>
                <line number="144" hits="8" branch="False" />
                <line number="145" hits="8" branch="False" />
                <line number="148" hits="0" branch="False" />
                <line number="149" hits="0" branch="False" />
                <line number="151" hits="8" branch="False" />
              </lines>
            </method>
            <method name="SelectHeaderContentType" signature="(System.String)" line-rate="0.8" branch-rate="0.6666" complexity="6">
              <lines>
                <line number="153" hits="8" branch="False" />
                <line number="154" hits="8" branch="True" condition-coverage="100% (2/2)">
                  <conditions>
                    <condition number="14" type="jump" coverage="100%" />
                  </conditions>
                </line>
                <line number="155" hits="2" branch="False" />
                <line number="156" hits="2" branch="False" />
                <line number="159" hits="6" branch="True" condition-coverage="50% (2/4)">
                  <conditions>
                    <condition number="36" type="jump" coverage="50%" />
                    <condition number="54" type="jump" coverage="50%" />
                  </conditions>
                </line>
                <line number="160" hits="6" branch="False" />
                <line number="161" hits="6" branch="False" />
                <line number="164" hits="0" branch="False" />
                <line number="165" hits="0" branch="False" />
                <line number="167" hits="8" branch="False" />
              </lines>
            </method>
            <method name="Update_params_for_auth" signature="(System.Collections.Generic.Dictionary`2&lt;System.String,System.String&gt;,System.Collections.Generic.Dictionary`2&lt;System.String,System.String&gt;,System.String,System.String,System.String,System.String)" line-rate="0.7857" branch-rate="0.6" complexity="10">
              <lines>
                <line number="176" hits="8" branch="False" />
                <line number="178" hits="8" branch="True" condition-coverage="100% (2/2)">
                  <conditions>
                    <condition number="7" type="jump" coverage="100%" />
                  </conditions>
                </line>
                <line number="179" hits="1" branch="False" />
                <line number="180" hits="1" branch="False" />
                <line number="184" hits="7" branch="True" condition-coverage="50% (2/4)">
                  <conditions>
                    <condition number="28" type="jump" coverage="50%" />
                    <condition number="49" type="jump" coverage="50%" />
                  </conditions>
                </line>
                <line number="185" hits="7" branch="False" />
                <line number="186" hits="7" branch="False" />
                <line number="187" hits="7" branch="False" />
                <line number="188" hits="7" branch="True" condition-coverage="100% (2/2)">
                  <conditions>
                    <condition number="80" type="jump" coverage="100%" />
                  </conditions>
                </line>
                <line number="189" hits="6" branch="False" />
                <line number="191" hits="6" branch="False" />
                <line number="192" hits="6" branch="False" />
                <line number="194" hits="1" branch="False" />
                <line number="195" hits="1" branch="False" />
                <line number="196" hits="1" branch="False" />
                <line number="198" hits="7" branch="False" />
                <line number="199" hits="7" branch="False" />
                <line number="200" hits="7" branch="False" />
                <line number="201" hits="7" branch="False" />
                <line number="203" hits="7" branch="False" />
                <line number="204" hits="7" branch="False" />
                <line number="206" hits="0" branch="True" condition-coverage="0% (0/2)">
                  <conditions>
                    <condition number="268" type="jump" coverage="0%" />
                  </conditions>
                </line>
                <line number="207" hits="0" branch="False" />
                <line number="208" hits="0" branch="False" />
                <line number="209" hits="0" branch="False" />
                <line number="212" hits="0" branch="False" />
                <line number="213" hits="0" branch="False" />
                <line number="216" hits="8" branch="False" />
              </lines>
            </method>
            <method name="HmacSHA256" signature="(System.String,System.String)" line-rate="1" branch-rate="1" complexity="1">
              <lines>
                <line number="219" hits="8" branch="False" />
                <line number="221" hits="8" branch="False" />
                <line number="222" hits="8" branch="False" />
                <line number="223" hits="8" branch="False" />
                <line number="224" hits="8" branch="False" />
                <line number="225" hits="8" branch="False" />
                <line number="226" hits="8" branch="False" />
                <line number="227" hits="8" branch="False" />
                <line number="228" hits="8" branch="False" />
                <line number="229" hits="8" branch="False" />
              </lines>
            </method>
            <method name="ToHexString" signature="(System.Byte[])" line-rate="1" branch-rate="1" complexity="2">
              <lines>
                <line number="232" hits="9" branch="False" />
                <line number="233" hits="9" branch="False" />
                <line number="234" hits="603" branch="True" condition-coverage="100% (2/2)">
                  <conditions>
                    <condition number="51" type="jump" coverage="100%" />
                  </conditions>
                </line>
                <line number="235" hits="288" branch="False" />
                <line number="236" hits="288" branch="False" />
                <line number="237" hits="288" branch="False" />
                <line number="238" hits="9" branch="False" />
                <line number="239" hits="9" branch="False" />
              </lines>
            </method>
            <method name=".ctor" signature="()" line-rate="0.14279999999999998" branch-rate="1" complexity="1">
              <lines>
                <line number="26" hits="24" branch="False" />
                <line number="27" hits="0" branch="False" />
                <line number="28" hits="0" branch="False" />
                <line number="29" hits="0" branch="False" />
                <line number="30" hits="0" branch="False" />
                <line number="32" hits="0" branch="False" />
                <line number="33" hits="0" branch="False" />
              </lines>
            </method>
            <method name=".ctor" signature="(LogicMonitor.DataSDK.Configuration)" line-rate="0.875" branch-rate="0.5" complexity="2">
              <lines>
                <line number="34" hits="24" branch="False" />
                <line number="35" hits="24" branch="False" />
                <line number="37" hits="24" branch="True" condition-coverage="50% (1/2)">
                  <conditions>
                    <condition number="25" type="jump" coverage="50%" />
                  </conditions>
                </line>
                <line number="38" hits="0" branch="False" />
                <line number="39" hits="24" branch="False" />
                <line number="40" hits="24" branch="False" />
                <line number="42" hits="24" branch="False" />
                <line number="43" hits="24" branch="False" />
              </lines>
            </method>
          </methods>
          <lines>
            <line number="55" hits="7" branch="False" />
            <line number="57" hits="7" branch="False" />
            <line number="58" hits="7" branch="False" />
            <line number="59" hits="7" branch="False" />
            <line number="62" hits="6" branch="False" />
            <line number="63" hits="6" branch="False" />
            <line number="64" hits="6" branch="False" />
            <line number="69" hits="6" branch="False" />
            <line number="70" hits="6" branch="True" condition-coverage="50% (1/2)">
              <conditions>
                <condition number="8" type="jump" coverage="50%" />
              </conditions>
            </line>
            <line number="71" hits="0" branch="False" />
            <line number="72" hits="0" branch="False" />
            <line number="75" hits="6" branch="False" />
            <line number="76" hits="6" branch="False" />
            <line number="77" hits="6" branch="False" />
            <line number="79" hits="5" branch="False" />
            <line number="105" hits="7" branch="False" />
            <line number="106" hits="7" branch="True" condition-coverage="50% (1/2)">
              <conditions>
                <condition number="12" type="jump" coverage="50%" />
              </conditions>
            </line>
            <line number="107" hits="0" branch="False" />
            <line number="109" hits="7" branch="True" condition-coverage="50% (1/2)">
              <conditions>
                <condition number="39" type="jump" coverage="50%" />
              </conditions>
            </line>
            <line number="110" hits="0" branch="False" />
            <line number="111" hits="0" branch="False" />
            <line number="113" hits="7" branch="True" condition-coverage="100% (2/2)">
              <conditions>
                <condition number="96" type="jump" coverage="100%" />
              </conditions>
            </line>
            <line number="114" hits="6" branch="False" />
            <line number="115" hits="6" branch="False" />
            <line number="118" hits="1" branch="True" condition-coverage="50% (1/2)">
              <conditions>
                <condition number="170" type="jump" coverage="50%" />
              </conditions>
            </line>
            <line number="119" hits="0" branch="False" />
            <line number="120" hits="0" branch="False" />
            <line number="122" hits="1" branch="True" condition-coverage="50% (1/2)">
              <conditions>
                <condition number="225" type="jump" coverage="50%" />
              </conditions>
            </line>
            <line number="123" hits="0" branch="False" />
            <line number="124" hits="0" branch="False" />
            <line number="126" hits="1" branch="True" condition-coverage="50% (1/2)">
              <conditions>
                <condition number="296" type="jump" coverage="50%" />
              </conditions>
            </line>
            <line number="127" hits="0" branch="False" />
            <line number="128" hits="0" branch="False" />
            <line number="131" hits="1" branch="False" />
            <line number="132" hits="1" branch="False" />
            <line number="134" hits="6" branch="False" />
            <line number="137" hits="8" branch="False" />
            <line number="138" hits="8" branch="True" condition-coverage="50% (1/2)">
              <conditions>
                <condition number="14" type="jump" coverage="50%" />
              </conditions>
            </line>
            <line number="139" hits="0" branch="False" />
            <line number="140" hits="0" branch="False" />
            <line number="143" hits="8" branch="True" condition-coverage="50% (1/2)">
              <conditions>
                <condition number="34" type="jump" coverage="50%" />
              </conditions>
            </line>
            <line number="144" hits="8" branch="False" />
            <line number="145" hits="8" branch="False" />
            <line number="148" hits="0" branch="False" />
            <line number="149" hits="0" branch="False" />
            <line number="151" hits="8" branch="False" />
            <line number="153" hits="8" branch="False" />
            <line number="154" hits="8" branch="True" condition-coverage="100% (2/2)">
              <conditions>
                <condition number="14" type="jump" coverage="100%" />
              </conditions>
            </line>
            <line number="155" hits="2" branch="False" />
            <line number="156" hits="2" branch="False" />
            <line number="159" hits="6" branch="True" condition-coverage="50% (2/4)">
              <conditions>
                <condition number="36" type="jump" coverage="50%" />
                <condition number="54" type="jump" coverage="50%" />
              </conditions>
            </line>
            <line number="160" hits="6" branch="False" />
            <line number="161" hits="6" branch="False" />
            <line number="164" hits="0" branch="False" />
            <line number="165" hits="0" branch="False" />
            <line number="167" hits="8" branch="False" />
            <line number="176" hits="8" branch="False" />
            <line number="178" hits="8" branch="True" condition-coverage="100% (2/2)">
              <conditions>
                <condition number="7" type="jump" coverage="100%" />
              </conditions>
            </line>
            <line number="179" hits="1" branch="False" />
            <line number="180" hits="1" branch="False" />
            <line number="184" hits="7" branch="True" condition-coverage="50% (2/4)">
              <conditions>
                <condition number="28" type="jump" coverage="50%" />
                <condition number="49" type="jump" coverage="50%" />
              </conditions>
            </line>
            <line number="185" hits="7" branch="False" />
            <line number="186" hits="7" branch="False" />
            <line number="187" hits="7" branch="False" />
            <line number="188" hits="7" branch="True" condition-coverage="100% (2/2)">
              <conditions>
                <condition number="80" type="jump" coverage="100%" />
              </conditions>
            </line>
            <line number="189" hits="6" branch="False" />
            <line number="191" hits="6" branch="False" />
            <line number="192" hits="6" branch="False" />
            <line number="194" hits="1" branch="False" />
            <line number="195" hits="1" branch="False" />
            <line number="196" hits="1" branch="False" />
            <line number="198" hits="7" branch="False" />
            <line number="199" hits="7" branch="False" />
            <line number="200" hits="7" branch="False" />
            <line number="201" hits="7" branch="False" />
            <line number="203" hits="7" branch="False" />
            <line number="204" hits="7" branch="False" />
            <line number="206" hits="0" branch="True" condition-coverage="0% (0/2)">
              <conditions>
                <condition number="268" type="jump" coverage="0%" />
              </conditions>
            </line>
            <line number="207" hits="0" branch="False" />
            <line number="208" hits="0" branch="False" />
            <line number="209" hits="0" branch="False" />
            <line number="212" hits="0" branch="False" />
            <line number="213" hits="0" branch="False" />
            <line number="216" hits="8" branch="False" />
            <line number="219" hits="8" branch="False" />
            <line number="221" hits="8" branch="False" />
            <line number="222" hits="8" branch="False" />
            <line number="223" hits="8" branch="False" />
            <line number="224" hits="8" branch="False" />
            <line number="225" hits="8" branch="False" />
            <line number="226" hits="8" branch="False" />
            <line number="227" hits="8" branch="False" />
            <line number="228" hits="8" branch="False" />
            <line number="229" hits="8" branch="False" />
            <line number="232" hits="9" branch="False" />
            <line number="233" hits="9" branch="False" />
            <line number="234" hits="603" branch="True" condition-coverage="100% (2/2)">
              <conditions>
                <condition number="51" type="jump" coverage="100%" />
              </conditions>
            </line>
            <line number="235" hits="288" branch="False" />
            <line number="236" hits="288" branch="False" />
            <line number="237" hits="288" branch="False" />
            <line number="238" hits="9" branch="False" />
            <line number="239" hits="9" branch="False" />
            <line number="26" hits="24" branch="False" />
            <line number="27" hits="0" branch="False" />
            <line number="28" hits="0" branch="False" />
            <line number="29" hits="0" branch="False" />
            <line number="30" hits="0" branch="False" />
            <line number="32" hits="0" branch="False" />
            <line number="33" hits="0" branch="False" />
            <line number="34" hits="24" branch="False" />
            <line number="35" hits="24" branch="False" />
            <line number="37" hits="24" branch="True" condition-coverage="50% (1/2)">
              <conditions>
                <condition number="25" type="jump" coverage="50%" />
              </conditions>
            </line>
            <line number="38" hits="0" branch="False" />
            <line number="39" hits="24" branch="False" />
            <line number="40" hits="24" branch="False" />
            <line number="42" hits="24" branch="False" />
            <line number="43" hits="24" branch="False" />
          </lines>
        </class>
        <class name="LogicMonitor.DataSDK.ApiClient/&lt;CallAsync&gt;d__7" filename="ApiClient.cs" line-rate="1" branch-rate="1" complexity="1">
          <methods>
            <method name="MoveNext" signature="()" line-rate="1" branch-rate="1" complexity="1">
              <lines>
                <line number="91" hits="6" branch="False" />
                <line number="92" hits="6" branch="False" />
                <line number="93" hits="5" branch="False" />
                <line number="94" hits="5" branch="False" />
              </lines>
            </method>
          </methods>
          <lines>
            <line number="91" hits="6" branch="False" />
            <line number="92" hits="6" branch="False" />
            <line number="93" hits="5" branch="False" />
            <line number="94" hits="5" branch="False" />
          </lines>
        </class>
        <class name="LogicMonitor.DataSDK.Configuration" filename="Configuration.cs" line-rate="0.7049" branch-rate="0.8234999999999999" complexity="44">
          <methods>
            <method name="get_AsyncRequest" signature="()" line-rate="1" branch-rate="1" complexity="1">
              <lines>
                <line number="26" hits="3" branch="False" />
              </lines>
            </method>
            <method name="get_GZip" signature="()" line-rate="1" branch-rate="1" complexity="1">
              <lines>
                <line number="30" hits="6" branch="False" />
              </lines>
            </method>
            <method name="get_AccessID" signature="()" line-rate="1" branch-rate="1" complexity="1">
              <lines>
                <line number="34" hits="181" branch="False" />
              </lines>
            </method>
            <method name="get_AccessKey" signature="()" line-rate="1" branch-rate="1" complexity="1">
              <lines>
                <line number="38" hits="138" branch="False" />
              </lines>
            </method>
            <method name="get_BearerToken" signature="()" line-rate="1" branch-rate="1" complexity="1">
              <lines>
                <line number="42" hits="126" branch="False" />
              </lines>
            </method>
            <method name="get_Company" signature="()" line-rate="1" branch-rate="1" complexity="1">
              <lines>
                <line number="48" hits="2" branch="False" />
              </lines>
            </method>
            <method name="set_Company" signature="(System.String)" line-rate="1" branch-rate="1" complexity="1">
              <lines>
                <line number="50" hits="1" branch="False" />
                <line number="51" hits="1" branch="False" />
                <line number="52" hits="1" branch="False" />
                <line number="53" hits="1" branch="False" />
              </lines>
            </method>
            <method name="CheckAuthentication" signature="()" line-rate="0.7241" branch-rate="0.8076000000000001" complexity="26">
              <lines>
                <line number="83" hits="42" branch="False" />
                <line number="84" hits="42" branch="False" />
                <line number="85" hits="42" branch="False" />
                <line number="88" hits="42" branch="True" condition-coverage="100% (4/4)">
                  <conditions>
                    <condition number="11" type="jump" coverage="100%" />
                    <condition number="27" type="jump" coverage="100%" />
                  </conditions>
                </line>
                <line number="89" hits="41" branch="False" />
                <line number="90" hits="42" branch="True" condition-coverage="100% (2/2)">
                  <conditions>
                    <condition number="42" type="jump" coverage="100%" />
                  </conditions>
                </line>
                <line number="91" hits="1" branch="False" />
                <line number="93" hits="42" branch="True" condition-coverage="83.33% (5/6)">
                  <conditions>
                    <condition number="52" type="jump" coverage="100%" />
                    <condition number="60" type="jump" coverage="100%" />
                    <condition number="70" type="jump" coverage="50%" />
                  </conditions>
                </line>
                <line number="94" hits="0" branch="False" />
                <line number="95" hits="0" branch="False" />
                <line number="97" hits="42" branch="True" condition-coverage="100% (2/2)">
                  <conditions>
                    <condition number="89" type="jump" coverage="100%" />
                  </conditions>
                </line>
                <line number="98" hits="41" branch="False" />
                <line number="99" hits="41" branch="True" condition-coverage="50% (1/2)">
                  <conditions>
                    <condition number="116" type="jump" coverage="50%" />
                  </conditions>
                </line>
                <line number="100" hits="0" branch="False" />
                <line number="101" hits="0" branch="False" />
                <line number="103" hits="41" branch="False" />
                <line number="104" hits="42" branch="True" condition-coverage="75% (3/4)">
                  <conditions>
                    <condition number="137" type="jump" coverage="100%" />
                    <condition number="147" type="jump" coverage="50%" />
                  </conditions>
                </line>
                <line number="105" hits="0" branch="False" />
                <line number="106" hits="0" branch="False" />
                <line number="108" hits="42" branch="True" condition-coverage="75% (3/4)">
                  <conditions>
                    <condition number="167" type="jump" coverage="50%" />
                    <condition number="192" type="jump" coverage="100%" />
                  </conditions>
                </line>
                <line number="109" hits="1" branch="False" />
                <line number="110" hits="1" branch="False" />
                <line number="112" hits="41" branch="True" condition-coverage="50% (1/2)">
                  <conditions>
                    <condition number="230" type="jump" coverage="50%" />
                  </conditions>
                </line>
                <line number="113" hits="0" branch="False" />
                <line number="114" hits="0" branch="False" />
                <line number="117" hits="41" branch="False" />
                <line number="118" hits="41" branch="False" />
                <line number="119" hits="41" branch="False" />
                <line number="120" hits="41" branch="False" />
              </lines>
            </method>
            <method name="get_host" signature="()" line-rate="1" branch-rate="1" complexity="1">
              <lines>
                <line number="125" hits="8" branch="False" />
                <line number="126" hits="8" branch="False" />
                <line number="127" hits="8" branch="False" />
              </lines>
            </method>
            <method name="get_Platform" signature="()" line-rate="0" branch-rate="1" complexity="1">
              <lines>
                <line number="130" hits="0" branch="False" />
              </lines>
            </method>
            <method name=".ctor" signature="()" line-rate="0" branch-rate="1" complexity="1">
              <lines>
                <line number="56" hits="0" branch="False" />
                <line number="57" hits="0" branch="False" />
                <line number="58" hits="0" branch="False" />
                <line number="60" hits="0" branch="False" />
                <line number="61" hits="0" branch="False" />
                <line number="62" hits="0" branch="False" />
                <line number="63" hits="0" branch="False" />
                <line number="65" hits="0" branch="False" />
                <line number="67" hits="0" branch="False" />
              </lines>
            </method>
            <method name=".ctor" signature="(System.String,System.String,System.String,System.String)" line-rate="1" branch-rate="0.875" complexity="8">
              <lines>
                <line number="69" hits="42" branch="False" />
                <line number="70" hits="42" branch="False" />
                <line number="71" hits="42" branch="False" />
                <line number="73" hits="42" branch="True" condition-coverage="50% (1/2)">
                  <conditions>
                    <condition number="22" type="jump" coverage="50%" />
                  </conditions>
                </line>
                <line number="74" hits="42" branch="True" condition-coverage="100% (2/2)">
                  <conditions>
                    <condition number="46" type="jump" coverage="100%" />
                  </conditions>
                </line>
                <line number="75" hits="42" branch="True" condition-coverage="100% (2/2)">
                  <conditions>
                    <condition number="71" type="jump" coverage="100%" />
                  </conditions>
                </line>
                <line number="76" hits="42" branch="True" condition-coverage="100% (2/2)">
                  <conditions>
                    <condition number="97" type="jump" coverage="100%" />
                  </conditions>
                </line>
                <line number="78" hits="42" branch="False" />
                <line number="79" hits="41" branch="False" />
              </lines>
            </method>
          </methods>
          <lines>
            <line number="26" hits="3" branch="False" />
            <line number="30" hits="6" branch="False" />
            <line number="34" hits="181" branch="False" />
            <line number="38" hits="138" branch="False" />
            <line number="42" hits="126" branch="False" />
            <line number="48" hits="2" branch="False" />
            <line number="50" hits="1" branch="False" />
            <line number="51" hits="1" branch="False" />
            <line number="52" hits="1" branch="False" />
            <line number="53" hits="1" branch="False" />
            <line number="83" hits="42" branch="False" />
            <line number="84" hits="42" branch="False" />
            <line number="85" hits="42" branch="False" />
            <line number="88" hits="42" branch="True" condition-coverage="100% (4/4)">
              <conditions>
                <condition number="11" type="jump" coverage="100%" />
                <condition number="27" type="jump" coverage="100%" />
              </conditions>
            </line>
            <line number="89" hits="41" branch="False" />
            <line number="90" hits="42" branch="True" condition-coverage="100% (2/2)">
              <conditions>
                <condition number="42" type="jump" coverage="100%" />
              </conditions>
            </line>
            <line number="91" hits="1" branch="False" />
            <line number="93" hits="42" branch="True" condition-coverage="83.33% (5/6)">
              <conditions>
                <condition number="52" type="jump" coverage="100%" />
                <condition number="60" type="jump" coverage="100%" />
                <condition number="70" type="jump" coverage="50%" />
              </conditions>
            </line>
            <line number="94" hits="0" branch="False" />
            <line number="95" hits="0" branch="False" />
            <line number="97" hits="42" branch="True" condition-coverage="100% (2/2)">
              <conditions>
                <condition number="89" type="jump" coverage="100%" />
              </conditions>
            </line>
            <line number="98" hits="41" branch="False" />
            <line number="99" hits="41" branch="True" condition-coverage="50% (1/2)">
              <conditions>
                <condition number="116" type="jump" coverage="50%" />
              </conditions>
            </line>
            <line number="100" hits="0" branch="False" />
            <line number="101" hits="0" branch="False" />
            <line number="103" hits="41" branch="False" />
            <line number="104" hits="42" branch="True" condition-coverage="75% (3/4)">
              <conditions>
                <condition number="137" type="jump" coverage="100%" />
                <condition number="147" type="jump" coverage="50%" />
              </conditions>
            </line>
            <line number="105" hits="0" branch="False" />
            <line number="106" hits="0" branch="False" />
            <line number="108" hits="42" branch="True" condition-coverage="75% (3/4)">
              <conditions>
                <condition number="167" type="jump" coverage="50%" />
                <condition number="192" type="jump" coverage="100%" />
              </conditions>
            </line>
            <line number="109" hits="1" branch="False" />
            <line number="110" hits="1" branch="False" />
            <line number="112" hits="41" branch="True" condition-coverage="50% (1/2)">
              <conditions>
                <condition number="230" type="jump" coverage="50%" />
              </conditions>
            </line>
            <line number="113" hits="0" branch="False" />
            <line number="114" hits="0" branch="False" />
            <line number="117" hits="41" branch="False" />
            <line number="118" hits="41" branch="False" />
            <line number="119" hits="41" branch="False" />
            <line number="120" hits="41" branch="False" />
            <line number="125" hits="8" branch="False" />
            <line number="126" hits="8" branch="False" />
            <line number="127" hits="8" branch="False" />
            <line number="130" hits="0" branch="False" />
            <line number="56" hits="0" branch="False" />
            <line number="57" hits="0" branch="False" />
            <line number="58" hits="0" branch="False" />
            <line number="60" hits="0" branch="False" />
            <line number="61" hits="0" branch="False" />
            <line number="62" hits="0" branch="False" />
            <line number="63" hits="0" branch="False" />
            <line number="65" hits="0" branch="False" />
            <line number="67" hits="0" branch="False" />
            <line number="69" hits="42" branch="False" />
            <line number="70" hits="42" branch="False" />
            <line number="71" hits="42" branch="False" />
            <line number="73" hits="42" branch="True" condition-coverage="50% (1/2)">
              <conditions>
                <condition number="22" type="jump" coverage="50%" />
              </conditions>
            </line>
            <line number="74" hits="42" branch="True" condition-coverage="100% (2/2)">
              <conditions>
                <condition number="46" type="jump" coverage="100%" />
              </conditions>
            </line>
            <line number="75" hits="42" branch="True" condition-coverage="100% (2/2)">
              <conditions>
                <condition number="71" type="jump" coverage="100%" />
              </conditions>
            </line>
            <line number="76" hits="42" branch="True" condition-coverage="100% (2/2)">
              <conditions>
                <condition number="97" type="jump" coverage="100%" />
              </conditions>
            </line>
            <line number="78" hits="42" branch="False" />
            <line number="79" hits="41" branch="False" />
          </lines>
        </class>
        <class name="LogicMonitor.DataSDK.Rest" filename="Rest.cs" line-rate="0.8809" branch-rate="0.7222" complexity="22">
          <methods>
            <method name="Request" signature="(System.String,System.String,System.String,System.Collections.Generic.Dictionary`2&lt;System.String,System.String&gt;,System.Collections.Generic.Dictionary`2&lt;System.String,System.String&gt;,System.TimeSpan,System.Collections.Generic.Dictionary`2&lt;System.String,System.String&gt;)" line-rate="1" branch-rate="1" complexity="4">
              <lines>
                <line number="37" hits="15" branch="False" />
                <line number="38" hits="15" branch="False" />
                <line number="39" hits="15" branch="True" condition-coverage="100% (2/2)">
                  <conditions>
                    <condition number="30" type="jump" coverage="100%" />
                  </conditions>
                </line>
                <line number="40" hits="3" branch="False" />
                <line number="41" hits="3" branch="False" />
                <line number="43" hits="12" branch="True" condition-coverage="100% (2/2)">
                  <conditions>
                    <condition number="67" type="jump" coverage="100%" />
                  </conditions>
                </line>
                <line number="44" hits="4" branch="False" />
                <line number="45" hits="12" branch="False" />
              </lines>
            </method>
            <method name="Get" signature="(System.String,System.String,System.String,System.Collections.Generic.Dictionary`2&lt;System.String,System.String&gt;,System.Collections.Generic.Dictionary`2&lt;System.String,System.String&gt;,System.TimeSpan)" line-rate="1" branch-rate="1" complexity="1">
              <lines>
                <line number="48" hits="1" branch="False" />
                <line number="49" hits="1" branch="False" />
                <line number="50" hits="1" branch="False" />
                <line number="51" hits="1" branch="False" />
                <line number="52" hits="1" branch="False" />
                <line number="53" hits="1" branch="False" />
                <line number="54" hits="1" branch="False" />
              </lines>
            </method>
            <method name="Head" signature="(System.String,System.String,System.String,System.Collections.Generic.Dictionary`2&lt;System.String,System.String&gt;,System.Collections.Generic.Dictionary`2&lt;System.String,System.String&gt;,System.TimeSpan)" line-rate="1" branch-rate="1" complexity="1">
              <lines>
                <line number="57" hits="1" branch="False" />
                <line number="58" hits="1" branch="False" />
                <line number="59" hits="1" branch="False" />
                <line number="60" hits="1" branch="False" />
                <line number="61" hits="1" branch="False" />
                <line number="62" hits="1" branch="False" />
                <line number="63" hits="1" branch="False" />
              </lines>
            </method>
            <method name="Options" signature="(System.String,System.String,System.String,System.Collections.Generic.Dictionary`2&lt;System.String,System.String&gt;,System.Collections.Generic.Dictionary`2&lt;System.String,System.String&gt;,System.TimeSpan)" line-rate="1" branch-rate="1" complexity="1">
              <lines>
                <line number="66" hits="1" branch="False" />
                <line number="67" hits="1" branch="False" />
                <line number="68" hits="1" branch="False" />
                <line number="69" hits="1" branch="False" />
                <line number="70" hits="1" branch="False" />
                <line number="71" hits="1" branch="False" />
                <line number="72" hits="1" branch="False" />
              </lines>
            </method>
            <method name="Delete" signature="(System.String,System.String,System.String,System.Collections.Generic.Dictionary`2&lt;System.String,System.String&gt;,System.Collections.Generic.Dictionary`2&lt;System.String,System.String&gt;,System.TimeSpan)" line-rate="1" branch-rate="1" complexity="1">
              <lines>
                <line number="75" hits="1" branch="False" />
                <line number="76" hits="1" branch="False" />
                <line number="77" hits="1" branch="False" />
                <line number="78" hits="1" branch="False" />
                <line number="79" hits="1" branch="False" />
                <line number="80" hits="1" branch="False" />
                <line number="81" hits="1" branch="False" />
              </lines>
            </method>
            <method name="Post" signature="(System.String,System.String,System.String,System.Collections.Generic.Dictionary`2&lt;System.String,System.String&gt;,System.Collections.Generic.Dictionary`2&lt;System.String,System.String&gt;,System.TimeSpan,System.Collections.Generic.Dictionary`2&lt;System.String,System.String&gt;,System.Boolean)" line-rate="0.8887999999999999" branch-rate="0.75" complexity="4">
              <lines>
                <line number="84" hits="7" branch="False" />
                <line number="85" hits="7" branch="False" />
                <line number="86" hits="7" branch="False" />
                <line number="87" hits="7" branch="False" />
                <line number="88" hits="7" branch="False" />
                <line number="89" hits="7" branch="False" />
                <line number="90" hits="21" branch="True" condition-coverage="50% (1/2)">
                  <conditions>
                    <condition number="109" type="jump" coverage="50%" />
                  </conditions>
                </line>
                <line number="91" hits="0" branch="False" />
                <line number="92" hits="0" branch="False" />
                <line number="93" hits="0" branch="False" />
                <line number="94" hits="7" branch="True" condition-coverage="100% (2/2)">
                  <conditions>
                    <condition number="134" type="jump" coverage="100%" />
                  </conditions>
                </line>
                <line number="95" hits="1" branch="False" />
                <line number="96" hits="1" branch="False" />
                <line number="97" hits="1" branch="False" />
                <line number="98" hits="1" branch="False" />
                <line number="99" hits="1" branch="False" />
                <line number="101" hits="1" branch="False" />
                <line number="102" hits="1" branch="False" />
                <line number="103" hits="1" branch="False" />
                <line number="104" hits="1" branch="False" />
                <line number="106" hits="6" branch="False" />
                <line number="107" hits="6" branch="False" />
                <line number="108" hits="6" branch="False" />
                <line number="109" hits="7" branch="False" />
                <line number="110" hits="7" branch="False" />
                <line number="111" hits="7" branch="False" />
                <line number="112" hits="7" branch="False" />
              </lines>
            </method>
            <method name="Put" signature="(System.String,System.String,System.String,System.Collections.Generic.Dictionary`2&lt;System.String,System.String&gt;,System.Collections.Generic.Dictionary`2&lt;System.String,System.String&gt;,System.TimeSpan,System.Collections.Generic.Dictionary`2&lt;System.String,System.String&gt;,System.Boolean)" line-rate="0.7692" branch-rate="0.5" complexity="4">
              <lines>
                <line number="115" hits="1" branch="False" />
                <line number="116" hits="1" branch="False" />
                <line number="117" hits="1" branch="False" />
                <line number="118" hits="1" branch="False" />
                <line number="119" hits="1" branch="False" />
                <line number="120" hits="3" branch="True" condition-coverage="50% (1/2)">
                  <conditions>
                    <condition number="91" type="jump" coverage="50%" />
                  </conditions>
                </line>
                <line number="121" hits="0" branch="False" />
                <line number="122" hits="0" branch="False" />
                <line number="123" hits="0" branch="False" />
                <line number="124" hits="1" branch="True" condition-coverage="50% (1/2)">
                  <conditions>
                    <condition number="116" type="jump" coverage="50%" />
                  </conditions>
                </line>
                <line number="125" hits="1" branch="False" />
                <line number="126" hits="1" branch="False" />
                <line number="127" hits="1" branch="False" />
                <line number="128" hits="1" branch="False" />
                <line number="129" hits="1" branch="False" />
                <line number="131" hits="1" branch="False" />
                <line number="132" hits="1" branch="False" />
                <line number="133" hits="1" branch="False" />
                <line number="134" hits="1" branch="False" />
                <line number="136" hits="0" branch="False" />
                <line number="137" hits="0" branch="False" />
                <line number="138" hits="0" branch="False" />
                <line number="139" hits="1" branch="False" />
                <line number="140" hits="1" branch="False" />
                <line number="141" hits="1" branch="False" />
                <line number="142" hits="1" branch="False" />
              </lines>
            </method>
            <method name="Patch" signature="(System.String,System.String,System.String,System.Collections.Generic.Dictionary`2&lt;System.String,System.String&gt;,System.Collections.Generic.Dictionary`2&lt;System.String,System.String&gt;,System.TimeSpan,System.Collections.Generic.Dictionary`2&lt;System.String,System.String&gt;,System.Boolean)" line-rate="0.7692" branch-rate="0.5" complexity="4">
              <lines>
                <line number="145" hits="1" branch="False" />
                <line number="146" hits="1" branch="False" />
                <line number="147" hits="1" branch="False" />
                <line number="148" hits="1" branch="False" />
                <line number="149" hits="1" branch="False" />
                <line number="150" hits="3" branch="True" condition-coverage="50% (1/2)">
                  <conditions>
                    <condition number="91" type="jump" coverage="50%" />
                  </conditions>
                </line>
                <line number="151" hits="0" branch="False" />
                <line number="152" hits="0" branch="False" />
                <line number="153" hits="0" branch="False" />
                <line number="154" hits="1" branch="True" condition-coverage="50% (1/2)">
                  <conditions>
                    <condition number="116" type="jump" coverage="50%" />
                  </conditions>
                </line>
                <line number="155" hits="1" branch="False" />
                <line number="156" hits="1" branch="False" />
                <line number="157" hits="1" branch="False" />
                <line number="158" hits="1" branch="False" />
                <line number="159" hits="1" branch="False" />
                <line number="161" hits="1" branch="False" />
                <line number="162" hits="1" branch="False" />
                <line number="163" hits="1" branch="False" />
                <line number="164" hits="1" branch="False" />
                <line number="166" hits="0" branch="False" />
                <line number="167" hits="0" branch="False" />
                <line number="168" hits="0" branch="False" />
                <line number="169" hits="1" branch="False" />
                <line number="170" hits="1" branch="False" />
                <line number="171" hits="1" branch="False" />
                <line number="172" hits="1" branch="False" />
              </lines>
            </method>
            <method name=".ctor" signature="(RestSharp.RestClient)" line-rate="1" branch-rate="1" complexity="2">
              <lines>
                <line number="23" hits="37" branch="False" />
                <line number="24" hits="37" branch="False" />
                <line number="25" hits="37" branch="True" condition-coverage="100% (2/2)">
                  <conditions>
                    <condition number="14" type="jump" coverage="100%" />
                  </conditions>
                </line>
                <line number="26" hits="30" branch="False" />
                <line number="27" hits="30" branch="False" />
                <line number="28" hits="30" branch="False" />
                <line number="30" hits="7" branch="False" />
                <line number="31" hits="7" branch="False" />
                <line number="32" hits="7" branch="False" />
                <line number="33" hits="37" branch="False" />
                <line number="34" hits="37" branch="False" />
              </lines>
            </method>
          </methods>
          <lines>
            <line number="37" hits="15" branch="False" />
            <line number="38" hits="15" branch="False" />
            <line number="39" hits="15" branch="True" condition-coverage="100% (2/2)">
              <conditions>
                <condition number="30" type="jump" coverage="100%" />
              </conditions>
            </line>
            <line number="40" hits="3" branch="False" />
            <line number="41" hits="3" branch="False" />
            <line number="43" hits="12" branch="True" condition-coverage="100% (2/2)">
              <conditions>
                <condition number="67" type="jump" coverage="100%" />
              </conditions>
            </line>
            <line number="44" hits="4" branch="False" />
            <line number="45" hits="12" branch="False" />
            <line number="48" hits="1" branch="False" />
            <line number="49" hits="1" branch="False" />
            <line number="50" hits="1" branch="False" />
            <line number="51" hits="1" branch="False" />
            <line number="52" hits="1" branch="False" />
            <line number="53" hits="1" branch="False" />
            <line number="54" hits="1" branch="False" />
            <line number="57" hits="1" branch="False" />
            <line number="58" hits="1" branch="False" />
            <line number="59" hits="1" branch="False" />
            <line number="60" hits="1" branch="False" />
            <line number="61" hits="1" branch="False" />
            <line number="62" hits="1" branch="False" />
            <line number="63" hits="1" branch="False" />
            <line number="66" hits="1" branch="False" />
            <line number="67" hits="1" branch="False" />
            <line number="68" hits="1" branch="False" />
            <line number="69" hits="1" branch="False" />
            <line number="70" hits="1" branch="False" />
            <line number="71" hits="1" branch="False" />
            <line number="72" hits="1" branch="False" />
            <line number="75" hits="1" branch="False" />
            <line number="76" hits="1" branch="False" />
            <line number="77" hits="1" branch="False" />
            <line number="78" hits="1" branch="False" />
            <line number="79" hits="1" branch="False" />
            <line number="80" hits="1" branch="False" />
            <line number="81" hits="1" branch="False" />
            <line number="84" hits="7" branch="False" />
            <line number="85" hits="7" branch="False" />
            <line number="86" hits="7" branch="False" />
            <line number="87" hits="7" branch="False" />
            <line number="88" hits="7" branch="False" />
            <line number="89" hits="7" branch="False" />
            <line number="90" hits="21" branch="True" condition-coverage="50% (1/2)">
              <conditions>
                <condition number="109" type="jump" coverage="50%" />
              </conditions>
            </line>
            <line number="91" hits="0" branch="False" />
            <line number="92" hits="0" branch="False" />
            <line number="93" hits="0" branch="False" />
            <line number="94" hits="7" branch="True" condition-coverage="100% (2/2)">
              <conditions>
                <condition number="134" type="jump" coverage="100%" />
              </conditions>
            </line>
            <line number="95" hits="1" branch="False" />
            <line number="96" hits="1" branch="False" />
            <line number="97" hits="1" branch="False" />
            <line number="98" hits="1" branch="False" />
            <line number="99" hits="1" branch="False" />
            <line number="101" hits="1" branch="False" />
            <line number="102" hits="1" branch="False" />
            <line number="103" hits="1" branch="False" />
            <line number="104" hits="1" branch="False" />
            <line number="106" hits="6" branch="False" />
            <line number="107" hits="6" branch="False" />
            <line number="108" hits="6" branch="False" />
            <line number="109" hits="7" branch="False" />
            <line number="110" hits="7" branch="False" />
            <line number="111" hits="7" branch="False" />
            <line number="112" hits="7" branch="False" />
            <line number="115" hits="1" branch="False" />
            <line number="116" hits="1" branch="False" />
            <line number="117" hits="1" branch="False" />
            <line number="118" hits="1" branch="False" />
            <line number="119" hits="1" branch="False" />
            <line number="120" hits="3" branch="True" condition-coverage="50% (1/2)">
              <conditions>
                <condition number="91" type="jump" coverage="50%" />
              </conditions>
            </line>
            <line number="121" hits="0" branch="False" />
            <line number="122" hits="0" branch="False" />
            <line number="123" hits="0" branch="False" />
            <line number="124" hits="1" branch="True" condition-coverage="50% (1/2)">
              <conditions>
                <condition number="116" type="jump" coverage="50%" />
              </conditions>
            </line>
            <line number="125" hits="1" branch="False" />
            <line number="126" hits="1" branch="False" />
            <line number="127" hits="1" branch="False" />
            <line number="128" hits="1" branch="False" />
            <line number="129" hits="1" branch="False" />
            <line number="131" hits="1" branch="False" />
            <line number="132" hits="1" branch="False" />
            <line number="133" hits="1" branch="False" />
            <line number="134" hits="1" branch="False" />
            <line number="136" hits="0" branch="False" />
            <line number="137" hits="0" branch="False" />
            <line number="138" hits="0" branch="False" />
            <line number="139" hits="1" branch="False" />
            <line number="140" hits="1" branch="False" />
            <line number="141" hits="1" branch="False" />
            <line number="142" hits="1" branch="False" />
            <line number="145" hits="1" branch="False" />
            <line number="146" hits="1" branch="False" />
            <line number="147" hits="1" branch="False" />
            <line number="148" hits="1" branch="False" />
            <line number="149" hits="1" branch="False" />
            <line number="150" hits="3" branch="True" condition-coverage="50% (1/2)">
              <conditions>
                <condition number="91" type="jump" coverage="50%" />
              </conditions>
            </line>
            <line number="151" hits="0" branch="False" />
            <line number="152" hits="0" branch="False" />
            <line number="153" hits="0" branch="False" />
            <line number="154" hits="1" branch="True" condition-coverage="50% (1/2)">
              <conditions>
                <condition number="116" type="jump" coverage="50%" />
              </conditions>
            </line>
            <line number="155" hits="1" branch="False" />
            <line number="156" hits="1" branch="False" />
            <line number="157" hits="1" branch="False" />
            <line number="158" hits="1" branch="False" />
            <line number="159" hits="1" branch="False" />
            <line number="161" hits="1" branch="False" />
            <line number="162" hits="1" branch="False" />
            <line number="163" hits="1" branch="False" />
            <line number="164" hits="1" branch="False" />
            <line number="166" hits="0" branch="False" />
            <line number="167" hits="0" branch="False" />
            <line number="168" hits="0" branch="False" />
            <line number="169" hits="1" branch="False" />
            <line number="170" hits="1" branch="False" />
            <line number="171" hits="1" branch="False" />
            <line number="172" hits="1" branch="False" />
            <line number="23" hits="37" branch="False" />
            <line number="24" hits="37" branch="False" />
            <line number="25" hits="37" branch="True" condition-coverage="100% (2/2)">
              <conditions>
                <condition number="14" type="jump" coverage="100%" />
              </conditions>
            </line>
            <line number="26" hits="30" branch="False" />
            <line number="27" hits="30" branch="False" />
            <line number="28" hits="30" branch="False" />
            <line number="30" hits="7" branch="False" />
            <line number="31" hits="7" branch="False" />
            <line number="32" hits="7" branch="False" />
            <line number="33" hits="37" branch="False" />
            <line number="34" hits="37" branch="False" />
          </lines>
        </class>
        <class name="LogicMonitor.DataSDK.Setup" filename="Setup.cs" line-rate="0" branch-rate="1" complexity="1">
          <methods>
            <method name=".ctor" signature="()" line-rate="0" branch-rate="1" complexity="1">
              <lines>
                <line number="18" hits="0" branch="False" />
                <line number="19" hits="0" branch="False" />
                <line number="21" hits="0" branch="False" />
              </lines>
            </method>
          </methods>
          <lines>
            <line number="18" hits="0" branch="False" />
            <line number="19" hits="0" branch="False" />
            <line number="21" hits="0" branch="False" />
          </lines>
        </class>
        <class name="LogicMonitor.DataSDK.Utils.ObjectNameValidator" filename="Utils/ObjectNameValidator.cs" line-rate="0.8288" branch-rate="0.7029000000000001" complexity="214">
          <methods>
            <method name="PassEmptyAndSpellCheck" signature="(System.String)" line-rate="1" branch-rate="1" complexity="6">
              <lines>
                <line number="61" hits="123" branch="False" />
                <line number="62" hits="123" branch="True" condition-coverage="100% (6/6)">
                  <conditions>
                    <condition number="7" type="jump" coverage="100%" />
                    <condition number="20" type="jump" coverage="100%" />
                    <condition number="38" type="jump" coverage="100%" />
                  </conditions>
                </line>
                <line number="63" hits="20" branch="False" />
                <line number="65" hits="103" branch="False" />
                <line number="66" hits="123" branch="False" />
              </lines>
            </method>
            <method name="IsNameLengthValid" signature="(System.String)" line-rate="1" branch-rate="1" complexity="2">
              <lines>
                <line number="69" hits="32" branch="False" />
                <line number="70" hits="32" branch="True" condition-coverage="100% (2/2)">
                  <conditions>
                    <condition number="19" type="jump" coverage="100%" />
                  </conditions>
                </line>
                <line number="71" hits="29" branch="False" />
                <line number="72" hits="3" branch="False" />
                <line number="73" hits="32" branch="False" />
              </lines>
            </method>
            <method name="IsValidResourceName" signature="(System.String)" line-rate="1" branch-rate="1" complexity="1">
              <lines>
                <line number="76" hits="6" branch="False" />
                <line number="77" hits="6" branch="False" />
                <line number="78" hits="6" branch="False" />
              </lines>
            </method>
            <method name="IsInValidResourceId" signature="(System.String)" line-rate="1" branch-rate="1" complexity="1">
              <lines>
                <line number="81" hits="37" branch="False" />
                <line number="82" hits="37" branch="False" />
                <line number="83" hits="37" branch="False" />
              </lines>
            </method>
            <method name="IsValidDataSourceName" signature="(System.String)" line-rate="1" branch-rate="1" complexity="1">
              <lines>
                <line number="86" hits="19" branch="False" />
                <line number="87" hits="19" branch="False" />
                <line number="88" hits="19" branch="False" />
              </lines>
            </method>
            <method name="IsValidDataSourceId9Digit" signature="(System.Int32)" line-rate="1" branch-rate="1" complexity="1">
              <lines>
                <line number="91" hits="24" branch="False" />
                <line number="92" hits="24" branch="False" />
                <line number="93" hits="24" branch="False" />
              </lines>
            </method>
            <method name="IsValidDataSourceIdExpo" signature="(System.Int32)" line-rate="1" branch-rate="1" complexity="1">
              <lines>
                <line number="95" hits="24" branch="False" />
                <line number="96" hits="24" branch="False" />
                <line number="97" hits="24" branch="False" />
              </lines>
            </method>
            <method name="ValidateDataSourceName" signature="(System.String)" line-rate="0.8234999999999999" branch-rate="0.8" complexity="10">
              <lines>
                <line number="100" hits="8" branch="False" />
                <line number="101" hits="8" branch="True" condition-coverage="100% (2/2)">
                  <conditions>
                    <condition number="12" type="jump" coverage="100%" />
                  </conditions>
                </line>
                <line number="102" hits="2" branch="False" />
                <line number="103" hits="6" branch="True" condition-coverage="50% (1/2)">
                  <conditions>
                    <condition number="38" type="jump" coverage="50%" />
                  </conditions>
                </line>
                <line number="104" hits="6" branch="False" />
                <line number="105" hits="6" branch="True" condition-coverage="100% (2/2)">
                  <conditions>
                    <condition number="64" type="jump" coverage="100%" />
                  </conditions>
                </line>
                <line number="106" hits="4" branch="False" />
                <line number="107" hits="4" branch="True" condition-coverage="100% (2/2)">
                  <conditions>
                    <condition number="80" type="jump" coverage="100%" />
                  </conditions>
                </line>
                <line number="108" hits="2" branch="False" />
                <line number="109" hits="2" branch="False" />
                <line number="110" hits="2" branch="True" condition-coverage="50% (1/2)">
                  <conditions>
                    <condition number="121" type="jump" coverage="50%" />
                  </conditions>
                </line>
                <line number="111" hits="2" branch="False" />
                <line number="113" hits="0" branch="False" />
                <line number="115" hits="2" branch="False" />
                <line number="116" hits="0" branch="False" />
                <line number="117" hits="0" branch="False" />
                <line number="118" hits="8" branch="False" />
              </lines>
            </method>
            <method name="_Validate" signature="(System.String,System.String,System.Text.RegularExpressions.Regex)" line-rate="0.9" branch-rate="0.875" complexity="8">
              <lines>
                <line number="121" hits="9" branch="False" />
                <line number="122" hits="9" branch="True" condition-coverage="50% (1/2)">
                  <conditions>
                    <condition number="7" type="jump" coverage="50%" />
                  </conditions>
                </line>
                <line number="123" hits="0" branch="False" />
                <line number="124" hits="9" branch="True" condition-coverage="100% (4/4)">
                  <conditions>
                    <condition number="34" type="jump" coverage="100%" />
                    <condition number="52" type="jump" coverage="100%" />
                  </conditions>
                </line>
                <line number="125" hits="1" branch="False" />
                <line number="126" hits="8" branch="False" />
                <line number="127" hits="8" branch="True" condition-coverage="100% (2/2)">
                  <conditions>
                    <condition number="81" type="jump" coverage="100%" />
                  </conditions>
                </line>
                <line number="128" hits="5" branch="False" />
                <line number="129" hits="3" branch="False" />
                <line number="130" hits="9" branch="False" />
              </lines>
            </method>
            <method name="IsValidInstanceName" signature="(System.String)" line-rate="1" branch-rate="1" complexity="1">
              <lines>
                <line number="133" hits="12" branch="False" />
                <line number="134" hits="12" branch="False" />
                <line number="135" hits="12" branch="False" />
              </lines>
            </method>
            <method name="IsValidCompanyName" signature="(System.String)" line-rate="1" branch-rate="1" complexity="1">
              <lines>
                <line number="138" hits="46" branch="False" />
                <line number="139" hits="46" branch="False" />
                <line number="140" hits="46" branch="False" />
              </lines>
            </method>
            <method name="IsValidAuthId" signature="(System.String)" line-rate="1" branch-rate="1" complexity="1">
              <lines>
                <line number="143" hits="41" branch="False" />
                <line number="144" hits="41" branch="False" />
                <line number="145" hits="41" branch="False" />
              </lines>
            </method>
            <method name="IsValidAuthKey" signature="(System.String)" line-rate="1" branch-rate="1" complexity="1">
              <lines>
                <line number="148" hits="4" branch="False" />
                <line number="149" hits="4" branch="False" />
                <line number="150" hits="4" branch="False" />
              </lines>
            </method>
            <method name="ValidateDeviceDisplayName" signature="(System.String)" line-rate="1" branch-rate="1" complexity="1">
              <lines>
                <line number="153" hits="5" branch="False" />
                <line number="154" hits="5" branch="False" />
                <line number="155" hits="5" branch="False" />
              </lines>
            </method>
            <method name="ValidDataPointName" signature="(System.String)" line-rate="1" branch-rate="1" complexity="6">
              <lines>
                <line number="158" hits="71" branch="False" />
                <line number="159" hits="71" branch="True" condition-coverage="100% (2/2)">
                  <conditions>
                    <condition number="7" type="jump" coverage="100%" />
                  </conditions>
                </line>
                <line number="160" hits="1" branch="False" />
                <line number="161" hits="70" branch="True" condition-coverage="100% (2/2)">
                  <conditions>
                    <condition number="34" type="jump" coverage="100%" />
                  </conditions>
                </line>
                <line number="162" hits="7" branch="False" />
                <line number="163" hits="63" branch="True" condition-coverage="100% (2/2)">
                  <conditions>
                    <condition number="69" type="jump" coverage="100%" />
                  </conditions>
                </line>
                <line number="164" hits="51" branch="False" />
                <line number="165" hits="12" branch="False" />
                <line number="166" hits="71" branch="False" />
              </lines>
            </method>
            <method name="IsValidDataSourceDisplayName" signature="(System.String)" line-rate="1" branch-rate="1" complexity="2">
              <lines>
                <line number="169" hits="4" branch="False" />
                <line number="170" hits="4" branch="False" />
                <line number="172" hits="4" branch="True" condition-coverage="100% (2/2)">
                  <conditions>
                    <condition number="20" type="jump" coverage="100%" />
                  </conditions>
                </line>
                <line number="173" hits="3" branch="False" />
                <line number="175" hits="1" branch="False" />
                <line number="176" hits="4" branch="False" />
              </lines>
            </method>
            <method name="ValidateDataSourceDisplayName" signature="(System.String)" line-rate="0.3846" branch-rate="0.3" complexity="10">
              <lines>
                <line number="179" hits="4" branch="False" />
                <line number="180" hits="4" branch="True" condition-coverage="50% (1/2)">
                  <conditions>
                    <condition number="12" type="jump" coverage="50%" />
                  </conditions>
                </line>
                <line number="181" hits="0" branch="False" />
                <line number="182" hits="4" branch="True" condition-coverage="50% (2/4)">
                  <conditions>
                    <condition number="36" type="jump" coverage="50%" />
                    <condition number="64" type="jump" coverage="50%" />
                  </conditions>
                </line>
                <line number="183" hits="0" branch="False" />
                <line number="184" hits="0" branch="True" condition-coverage="0% (0/2)">
                  <conditions>
                    <condition number="78" type="jump" coverage="0%" />
                  </conditions>
                </line>
                <line number="185" hits="0" branch="False" />
                <line number="186" hits="0" branch="False" />
                <line number="187" hits="0" branch="True" condition-coverage="0% (0/2)">
                  <conditions>
                    <condition number="119" type="jump" coverage="0%" />
                  </conditions>
                </line>
                <line number="188" hits="0" branch="False" />
                <line number="190" hits="0" branch="False" />
                <line number="193" hits="4" branch="False" />
                <line number="194" hits="4" branch="False" />
              </lines>
            </method>
            <method name="IsValidDataSourceGroupName" signature="(System.String)" line-rate="1" branch-rate="1" complexity="1">
              <lines>
                <line number="197" hits="18" branch="False" />
                <line number="198" hits="18" branch="False" />
                <line number="199" hits="18" branch="False" />
              </lines>
            </method>
            <method name="CheckResourceNameValidation" signature="(System.Boolean,System.String)" line-rate="0.7333" branch-rate="0.6666" complexity="12">
              <lines>
                <line number="203" hits="20" branch="False" />
                <line number="204" hits="20" branch="False" />
                <line number="205" hits="20" branch="True" condition-coverage="100% (4/4)">
                  <conditions>
                    <condition number="8" type="jump" coverage="100%" />
                    <condition number="19" type="jump" coverage="100%" />
                  </conditions>
                </line>
                <line number="206" hits="4" branch="False" />
                <line number="207" hits="4" branch="True" condition-coverage="100% (2/2)">
                  <conditions>
                    <condition number="28" type="jump" coverage="100%" />
                  </conditions>
                </line>
                <line number="208" hits="1" branch="False" />
                <line number="209" hits="3" branch="True" condition-coverage="50% (1/2)">
                  <conditions>
                    <condition number="56" type="jump" coverage="50%" />
                  </conditions>
                </line>
                <line number="210" hits="3" branch="False" />
                <line number="211" hits="0" branch="True" condition-coverage="0% (0/2)">
                  <conditions>
                    <condition number="86" type="jump" coverage="0%" />
                  </conditions>
                </line>
                <line number="212" hits="0" branch="False" />
                <line number="213" hits="0" branch="True" condition-coverage="50% (1/2)">
                  <conditions>
                    <condition number="116" type="jump" coverage="50%" />
                  </conditions>
                </line>
                <line number="214" hits="0" branch="False" />
                <line number="215" hits="4" branch="False" />
                <line number="216" hits="20" branch="False" />
                <line number="218" hits="20" branch="False" />
              </lines>
            </method>
            <method name="CheckResourceNamDescriptionValidation" signature="(System.String)" line-rate="1" branch-rate="0.75" complexity="4">
              <lines>
                <line number="221" hits="6" branch="False" />
                <line number="222" hits="6" branch="False" />
                <line number="223" hits="6" branch="True" condition-coverage="75% (3/4)">
                  <conditions>
                    <condition number="8" type="jump" coverage="50%" />
                    <condition number="28" type="jump" coverage="100%" />
                  </conditions>
                </line>
                <line number="224" hits="1" branch="False" />
                <line number="225" hits="6" branch="False" />
                <line number="227" hits="6" branch="False" />
              </lines>
            </method>
            <method name="CheckResourceIdsValidation" signature="(System.Collections.Generic.Dictionary`2&lt;System.String,System.String&gt;)" line-rate="0.64" branch-rate="0.5625" complexity="16">
              <lines>
                <line number="229" hits="18" branch="False" />
                <line number="230" hits="18" branch="False" />
                <line number="231" hits="18" branch="True" condition-coverage="50% (1/2)">
                  <conditions>
                    <condition number="18" type="jump" coverage="50%" />
                  </conditions>
                </line>
                <line number="232" hits="0" branch="False" />
                <line number="233" hits="0" branch="False" />
                <line number="234" hits="0" branch="False" />
                <line number="236" hits="18" branch="False" />
                <line number="237" hits="90" branch="True" condition-coverage="100% (2/2)">
                  <conditions>
                    <condition number="318" type="jump" coverage="100%" />
                  </conditions>
                </line>
                <line number="238" hits="18" branch="False" />
[...]
            <line number="61" hits="1" branch="False" />
            <line number="62" hits="1" branch="False" />
            <line number="65" hits="0" branch="False" />
            <line number="66" hits="0" branch="False" />
            <line number="67" hits="0" branch="False" />
            <line number="69" hits="1" branch="False" />
            <line number="72" hits="2" branch="False" />
            <line number="73" hits="2" branch="False" />
            <line number="74" hits="2" branch="True" condition-coverage="100% (2/2)">
              <conditions>
                <condition number="42" type="jump" coverage="100%" />
              </conditions>
            </line>
            <line number="75" hits="2" branch="False" />
            <line number="76" hits="2" branch="False" />
            <line number="77" hits="2" branch="False" />
            <line number="78" hits="2" branch="False" />
            <line number="79" hits="2" branch="True" condition-coverage="100% (2/2)">
              <conditions>
                <condition number="106" type="jump" coverage="100%" />
              </conditions>
            </line>
            <line number="80" hits="2" branch="False" />
            <line number="81" hits="2" branch="False" />
            <line number="82" hits="2" branch="False" />
            <line number="83" hits="2" branch="False" />
            <line number="84" hits="2" branch="True" condition-coverage="100% (2/2)">
              <conditions>
                <condition number="160" type="jump" coverage="100%" />
              </conditions>
            </line>
            <line number="85" hits="2" branch="False" />
            <line number="86" hits="2" branch="False" />
            <line number="87" hits="2" branch="False" />
            <line number="88" hits="2" branch="False" />
            <line number="89" hits="2" branch="True" condition-coverage="100% (2/2)">
              <conditions>
                <condition number="214" type="jump" coverage="100%" />
              </conditions>
            </line>
            <line number="90" hits="2" branch="False" />
            <line number="91" hits="2" branch="False" />
            <line number="92" hits="2" branch="False" />
            <line number="93" hits="2" branch="False" />
            <line number="95" hits="10" branch="True" condition-coverage="100% (2/2)">
              <conditions>
                <condition number="306" type="jump" coverage="100%" />
              </conditions>
            </line>
            <line number="96" hits="2" branch="False" />
            <line number="97" hits="2" branch="False" />
            <line number="98" hits="2" branch="False" />
            <line number="99" hits="2" branch="False" />
            <line number="102" hits="1" branch="False" />
            <line number="103" hits="1" branch="False" />
            <line number="104" hits="1" branch="False" />
            <line number="105" hits="1" branch="False" />
            <line number="107" hits="1" branch="False" />
            <line number="110" hits="1" branch="False" />
            <line number="111" hits="5" branch="True" condition-coverage="100% (2/2)">
              <conditions>
                <condition number="678" type="jump" coverage="100%" />
              </conditions>
            </line>
            <line number="112" hits="1" branch="False" />
            <line number="113" hits="1" branch="False" />
            <line number="114" hits="1" branch="False" />
            <line number="115" hits="1" branch="False" />
            <line number="116" hits="5" branch="True" condition-coverage="100% (2/2)">
              <conditions>
                <condition number="645" type="jump" coverage="100%" />
              </conditions>
            </line>
            <line number="117" hits="1" branch="False" />
            <line number="118" hits="1" branch="False" />
            <line number="119" hits="1" branch="True" condition-coverage="100% (2/2)">
              <conditions>
                <condition number="139" type="jump" coverage="100%" />
              </conditions>
            </line>
            <line number="120" hits="1" branch="False" />
            <line number="121" hits="5" branch="True" condition-coverage="100% (2/2)">
              <conditions>
                <condition number="485" type="jump" coverage="100%" />
              </conditions>
            </line>
            <line number="122" hits="1" branch="False" />
            <line number="123" hits="1" branch="False" />
            <line number="124" hits="1" branch="False" />
            <line number="125" hits="5" branch="True" condition-coverage="100% (2/2)">
              <conditions>
                <condition number="383" type="jump" coverage="100%" />
              </conditions>
            </line>
            <line number="126" hits="1" branch="False" />
            <line number="127" hits="1" branch="False" />
            <line number="128" hits="1" branch="False" />
            <line number="129" hits="5" branch="True" condition-coverage="100% (2/2)">
              <conditions>
                <condition number="294" type="jump" coverage="100%" />
              </conditions>
            </line>
            <line number="130" hits="1" branch="False" />
            <line number="131" hits="1" branch="False" />
            <line number="132" hits="1" branch="False" />
            <line number="133" hits="1" branch="False" />
            <line number="134" hits="1" branch="False" />
            <line number="135" hits="1" branch="False" />
            <line number="136" hits="1" branch="False" />
            <line number="137" hits="1" branch="False" />
            <line number="138" hits="1" branch="False" />
            <line number="139" hits="1" branch="False" />
            <line number="140" hits="1" branch="False" />
            <line number="141" hits="1" branch="False" />
            <line number="142" hits="1" branch="False" />
            <line number="144" hits="1" branch="False" />
            <line number="145" hits="1" branch="False" />
            <line number="146" hits="1" branch="False" />
            <line number="147" hits="1" branch="False" />
            <line number="148" hits="1" branch="False" />
            <line number="149" hits="1" branch="False" />
            <line number="150" hits="1" branch="False" />
            <line number="151" hits="1" branch="False" />
            <line number="152" hits="1" branch="False" />
            <line number="153" hits="1" branch="False" />
            <line number="154" hits="1" branch="False" />
            <line number="155" hits="1" branch="False" />
            <line number="156" hits="1" branch="False" />
            <line number="157" hits="1" branch="False" />
            <line number="158" hits="1" branch="False" />
            <line number="159" hits="1" branch="False" />
            <line number="160" hits="1" branch="False" />
            <line number="161" hits="1" branch="False" />
            <line number="162" hits="1" branch="False" />
            <line number="163" hits="1" branch="False" />
            <line number="164" hits="1" branch="False" />
            <line number="165" hits="1" branch="False" />
            <line number="166" hits="1" branch="False" />
            <line number="167" hits="1" branch="True" condition-coverage="50% (1/2)">
              <conditions>
                <condition number="611" type="jump" coverage="50%" />
              </conditions>
            </line>
            <line number="168" hits="0" branch="False" />
            <line number="169" hits="0" branch="False" />
            <line number="170" hits="0" branch="False" />
            <line number="172" hits="1" branch="False" />
            <line number="173" hits="1" branch="False" />
            <line number="174" hits="1" branch="False" />
            <line number="175" hits="1" branch="False" />
            <line number="176" hits="1" branch="False" />
            <line number="177" hits="1" branch="False" />
            <line number="178" hits="1" branch="False" />
            <line number="181" hits="1" branch="False" />
            <line number="182" hits="1" branch="True" condition-coverage="50% (1/2)">
              <conditions>
                <condition number="727" type="jump" coverage="50%" />
              </conditions>
            </line>
            <line number="183" hits="0" branch="False" />
            <line number="184" hits="0" branch="False" />
            <line number="185" hits="0" branch="False" />
            <line number="187" hits="0" branch="False" />
            <line number="188" hits="0" branch="False" />
            <line number="189" hits="1" branch="True" condition-coverage="50% (1/2)">
              <conditions>
                <condition number="781" type="jump" coverage="50%" />
              </conditions>
            </line>
            <line number="190" hits="1" branch="False" />
            <line number="191" hits="1" branch="False" />
            <line number="192" hits="1" branch="False" />
            <line number="195" hits="0" branch="False" />
            <line number="196" hits="0" branch="False" />
            <line number="197" hits="0" branch="False" />
            <line number="198" hits="1" branch="False" />
            <line number="199" hits="1" branch="False" />
            <line number="200" hits="1" branch="True" condition-coverage="50% (1/2)">
              <conditions>
                <condition number="841" type="jump" coverage="50%" />
              </conditions>
            </line>
            <line number="202" hits="1" branch="False" />
            <line number="203" hits="1" branch="False" />
            <line number="205" hits="1" branch="False" />
            <line number="206" hits="1" branch="False" />
            <line number="208" hits="1" branch="False" />
            <line number="209" hits="1" branch="False" />
            <line number="210" hits="1" branch="False" />
            <line number="211" hits="1" branch="False" />
            <line number="212" hits="1" branch="False" />
            <line number="213" hits="1" branch="False" />
            <line number="214" hits="1" branch="False" />
            <line number="215" hits="1" branch="False" />
            <line number="216" hits="1" branch="False" />
            <line number="218" hits="1" branch="False" />
            <line number="220" hits="1" branch="False" />
            <line number="221" hits="1" branch="False" />
            <line number="222" hits="1" branch="False" />
            <line number="223" hits="1" branch="False" />
            <line number="224" hits="1" branch="False" />
            <line number="225" hits="1" branch="False" />
            <line number="226" hits="1" branch="False" />
            <line number="227" hits="1" branch="False" />
            <line number="228" hits="1" branch="False" />
            <line number="230" hits="1" branch="False" />
            <line number="231" hits="1" branch="False" />
            <line number="232" hits="1" branch="False" />
            <line number="233" hits="1" branch="False" />
            <line number="234" hits="1" branch="False" />
            <line number="235" hits="1" branch="False" />
            <line number="236" hits="1" branch="False" />
            <line number="237" hits="1" branch="False" />
            <line number="238" hits="1" branch="False" />
            <line number="239" hits="1" branch="False" />
            <line number="240" hits="1" branch="False" />
            <line number="241" hits="1" branch="False" />
            <line number="243" hits="1" branch="False" />
            <line number="244" hits="1" branch="False" />
            <line number="246" hits="1" branch="False" />
            <line number="247" hits="1" branch="False" />
            <line number="248" hits="1" branch="False" />
            <line number="249" hits="1" branch="False" />
            <line number="250" hits="1" branch="False" />
            <line number="252" hits="1" branch="False" />
            <line number="255" hits="1" branch="False" />
            <line number="256" hits="1" branch="False" />
            <line number="257" hits="1" branch="False" />
            <line number="259" hits="0" branch="False" />
            <line number="262" hits="0" branch="False" />
            <line number="263" hits="0" branch="True" condition-coverage="0% (0/2)">
              <conditions>
                <condition number="2" type="jump" coverage="0%" />
              </conditions>
            </line>
            <line number="264" hits="0" branch="False" />
            <line number="265" hits="0" branch="False" />
            <line number="267" hits="0" branch="False" />
            <line number="269" hits="1" branch="False" />
            <line number="270" hits="1" branch="True" condition-coverage="100% (2/2)">
              <conditions>
                <condition number="7" type="jump" coverage="100%" />
              </conditions>
            </line>
            <line number="271" hits="1" branch="False" />
            <line number="272" hits="1" branch="True" condition-coverage="100% (2/2)">
              <conditions>
                <condition number="28" type="jump" coverage="100%" />
              </conditions>
            </line>
            <line number="273" hits="1" branch="False" />
            <line number="275" hits="1" branch="False" />
            <line number="276" hits="1" branch="False" />
            <line number="277" hits="1" branch="False" />
            <line number="278" hits="1" branch="False" />
            <line number="279" hits="1" branch="False" />
            <line number="280" hits="1" branch="False" />
            <line number="281" hits="1" branch="False" />
            <line number="282" hits="1" branch="False" />
            <line number="284" hits="1" branch="False" />
            <line number="285" hits="1" branch="False" />
            <line number="288" hits="0" branch="False" />
            <line number="289" hits="0" branch="True" condition-coverage="0% (0/2)">
              <conditions>
                <condition number="3" type="jump" coverage="0%" />
              </conditions>
            </line>
            <line number="290" hits="0" branch="False" />
            <line number="291" hits="0" branch="False" />
            <line number="292" hits="0" branch="False" />
            <line number="294" hits="1" branch="False" />
            <line number="295" hits="1" branch="True" condition-coverage="100% (2/2)">
              <conditions>
                <condition number="9" type="jump" coverage="100%" />
              </conditions>
            </line>
            <line number="296" hits="1" branch="False" />
            <line number="297" hits="1" branch="True" condition-coverage="100% (2/2)">
              <conditions>
                <condition number="32" type="jump" coverage="100%" />
              </conditions>
            </line>
            <line number="298" hits="1" branch="False" />
            <line number="299" hits="1" branch="True" condition-coverage="100% (2/2)">
              <conditions>
                <condition number="55" type="jump" coverage="100%" />
              </conditions>
            </line>
            <line number="300" hits="1" branch="False" />
            <line number="301" hits="1" branch="True" condition-coverage="100% (2/2)">
              <conditions>
                <condition number="79" type="jump" coverage="100%" />
              </conditions>
            </line>
            <line number="302" hits="1" branch="False" />
            <line number="304" hits="1" branch="False" />
            <line number="305" hits="1" branch="False" />
            <line number="306" hits="1" branch="False" />
            <line number="307" hits="1" branch="False" />
            <line number="308" hits="1" branch="False" />
            <line number="309" hits="1" branch="False" />
            <line number="310" hits="1" branch="False" />
            <line number="311" hits="1" branch="False" />
            <line number="312" hits="1" branch="False" />
            <line number="313" hits="1" branch="False" />
            <line number="314" hits="1" branch="False" />
            <line number="315" hits="1" branch="False" />
            <line number="316" hits="1" branch="False" />
            <line number="317" hits="1" branch="False" />
            <line number="318" hits="1" branch="False" />
            <line number="319" hits="1" branch="False" />
            <line number="320" hits="1" branch="False" />
            <line number="321" hits="1" branch="False" />
            <line number="324" hits="1" branch="False" />
            <line number="326" hits="6" branch="False" />
            <line number="327" hits="6" branch="False" />
            <line number="328" hits="6" branch="True" condition-coverage="50% (1/2)">
              <conditions>
                <condition number="18" type="jump" coverage="50%" />
              </conditions>
            </line>
            <line number="329" hits="6" branch="False" />
            <line number="330" hits="6" branch="True" condition-coverage="100% (2/2)">
              <conditions>
                <condition number="38" type="jump" coverage="100%" />
              </conditions>
            </line>
            <line number="331" hits="4" branch="False" />
            <line number="332" hits="4" branch="False" />
            <line number="333" hits="4" branch="False" />
            <line number="334" hits="4" branch="True" condition-coverage="50% (1/2)">
              <conditions>
                <condition number="103" type="jump" coverage="50%" />
              </conditions>
            </line>
            <line number="335" hits="0" branch="False" />
            <line number="336" hits="4" branch="True" condition-coverage="50% (1/2)">
              <conditions>
                <condition number="142" type="jump" coverage="50%" />
              </conditions>
            </line>
            <line number="337" hits="0" branch="False" />
            <line number="338" hits="4" branch="False" />
            <line number="340" hits="2" branch="False" />
            <line number="341" hits="2" branch="False" />
            <line number="342" hits="2" branch="False" />
            <line number="343" hits="2" branch="True" condition-coverage="50% (1/2)">
              <conditions>
                <condition number="240" type="jump" coverage="50%" />
              </conditions>
            </line>
            <line number="344" hits="0" branch="False" />
            <line number="345" hits="2" branch="True" condition-coverage="50% (1/2)">
              <conditions>
                <condition number="279" type="jump" coverage="50%" />
              </conditions>
            </line>
            <line number="346" hits="0" branch="False" />
            <line number="347" hits="2" branch="False" />
            <line number="348" hits="6" branch="False" />
            <line number="351" hits="0" branch="False" />
            <line number="353" hits="6" branch="False" />
            <line number="29" hits="14" branch="False" />
            <line number="32" hits="14" branch="False" />
            <line number="33" hits="2" branch="False" />
            <line number="34" hits="2" branch="False" />
            <line number="36" hits="2" branch="False" />
            <line number="37" hits="12" branch="False" />
            <line number="38" hits="12" branch="False" />
            <line number="41" hits="12" branch="False" />
            <line number="24" hits="1" branch="False" />
            <line number="25" hits="1" branch="False" />
            <line number="26" hits="1" branch="False" />
          </lines>
        </class>
      </classes>
    </package>
  </packages>
</coverage>